<?xml version="1.0" encoding="UTF-8"?>
<!-- Generated by org.testng.reporters.JUnitReportReporter -->
<testsuite hostname="DESKTOP-E9GJR29" failures="0" tests="1" name="cucumber.TestNGTestRunner" time="21.279" errors="0" timestamp="2024-07-16T00:25:32 IST" skipped="0">
  <testcase classname="cucumber.TestNGTestRunner" name="runScenario" time="21.279"/>
  <system-out/>
</testsuite> <!-- cucumber.TestNGTestRunner -->
