<?xml version="1.0" encoding="UTF-8"?>
<!-- Generated by org.testng.reporters.JUnitReportReporter -->
<testsuite hostname="DESKTOP-E9GJR29" failures="0" tests="1" name="sukajiparab.seleniumFrameworkDesign.ErrorValidation" time="6.924" errors="0" timestamp="2024-07-14T23:35:10 IST" skipped="0">
  <testcase classname="sukajiparab.seleniumFrameworkDesign.ErrorValidation" name="LoginValidation" time="6.924"/>
</testsuite> <!-- sukajiparab.seleniumFrameworkDesign.ErrorValidation -->
